Using pre-set license
Built from '2020.3/release' branch; Version is '2020.3.2f1 (8fd9074bf66c) revision 9427207'; Using compiler version '192528614'; Build Type 'Release'
OS: 'Windows 10 Home Single Language; OS build 19042.1110; Version 2009; 64bit' Language: 'ru' Physical Memory: 8097 MB
BatchMode: 1, IsHumanControllingUs: 0, StartBugReporterOnCrash: 0, Is64bit: 1, IsPro: 0

 COMMAND LINE ARGUMENTS:
C:\Program Files\Unity\Hub\Editor\2020.3.2f1\Editor\Unity.exe
-adb2
-batchMode
-noUpm
-name
AssetImportWorker0
-projectPath
C:/MyUnityProjects/Snake Vs Blocks
-logFile
Logs/AssetImportWorker0.log
-srvPort
50834
Successfully changed project path to: C:/MyUnityProjects/Snake Vs Blocks
C:/MyUnityProjects/Snake Vs Blocks
Using Asset Import Pipeline V2.
Refreshing native plugins compatible for Editor in 82.72 ms, found 1 plugins.
Preloading 0 native plugins for Editor in 0.00 ms.
Initialize engine version: 2020.3.2f1 (8fd9074bf66c)
[Subsystems] Discovering subsystems at path C:/Program Files/Unity/Hub/Editor/2020.3.2f1/Editor/Data/Resources/UnitySubsystems
[Subsystems] Discovering subsystems at path C:/MyUnityProjects/Snake Vs Blocks/Assets
GfxDevice: creating device client; threaded=0
Direct3D:
    Version:  Direct3D 11.0 [level 11.1]
    Renderer: Intel(R) UHD Graphics 620 (ID=0x5917)
    Vendor:   
    VRAM:     4048 MB
    Driver:   26.20.100.7323
Initialize mono
Mono path[0] = 'C:/Program Files/Unity/Hub/Editor/2020.3.2f1/Editor/Data/Managed'
Mono path[1] = 'C:/Program Files/Unity/Hub/Editor/2020.3.2f1/Editor/Data/MonoBleedingEdge/lib/mono/unityjit'
Mono config path = 'C:/Program Files/Unity/Hub/Editor/2020.3.2f1/Editor/Data/MonoBleedingEdge/etc'
Using monoOptions --debugger-agent=transport=dt_socket,embedding=1,server=y,suspend=n,address=127.0.0.1:56572
Begin MonoManager ReloadAssembly
Registering precompiled unity dll's ...
Register platform support module: C:/Program Files/Unity/Hub/Editor/2020.3.2f1/Editor/Data/PlaybackEngines/WindowsStandaloneSupport/UnityEditor.WindowsStandalone.Extensions.dll
Registered in 0.006274 seconds.
Native extension for WindowsStandalone target not found
Refreshing native plugins compatible for Editor in 75.77 ms, found 1 plugins.
Preloading 0 native plugins for Editor in 0.00 ms.
Invoked RoslynAnalysisRunner static constructor.
RoslynAnalysisRunner will not be running.
RoslynAnalysisRunner has terminated.
Mono: successfully reloaded assembly
- Completed reload, in  5.671 seconds
Platform modules already initialized, skipping
Registering precompiled user dll's ...
Registered in 0.003493 seconds.
Begin MonoManager ReloadAssembly
Native extension for WindowsStandalone target not found
Refreshing native plugins compatible for Editor in 80.14 ms, found 1 plugins.
Preloading 0 native plugins for Editor in 0.00 ms.
Invoked RoslynAnalysisRunner static constructor.
RoslynAnalysisRunner will not be running.
RoslynAnalysisRunner has terminated.
Mono: successfully reloaded assembly
- Completed reload, in  2.666 seconds
Platform modules already initialized, skipping
========================================================================
Worker process is ready to serve import requests
Launched and connected shader compiler UnityShaderCompiler.exe after 0.12 seconds
Refreshing native plugins compatible for Editor in 0.43 ms, found 1 plugins.
Preloading 0 native plugins for Editor in 0.00 ms.
Unloading 1808 Unused Serialized files (Serialized files now loaded: 0)
System memory in use before: 84.8 MB.
System memory in use after: 84.8 MB.

Unloading 24 unused Assets to reduce memory usage. Loaded Objects now: 2250.
Total: 4.325500 ms (FindLiveObjects: 0.521600 ms CreateObjectMapping: 0.173500 ms MarkObjects: 3.446300 ms  DeleteObjects: 0.180900 ms)

========================================================================
Received Import Request.
  path: Assets/Sprites
  artifactKey: Guid(e615d6466706978499628dd11ee89d29) Importer(815301076,1909f56bfc062723c751e8b465ee728b)
Start importing Assets/Sprites using Guid(e615d6466706978499628dd11ee89d29) Importer(815301076,1909f56bfc062723c751e8b465ee728b)  -> (artifact id: '502bcf6baabe4e39ab98a62059181d98') in 0.013225 seconds
  Import took 0.019727 seconds .

========================================================================
Received Import Request.
  Time since last request: 13.897127 seconds.
  path: Assets/Sprites/Head.png
  artifactKey: Guid(0be361883d541e74cbaa31bd5a4928a9) Importer(815301076,1909f56bfc062723c751e8b465ee728b)
Start importing Assets/Sprites/Head.png using Guid(0be361883d541e74cbaa31bd5a4928a9) Importer(815301076,1909f56bfc062723c751e8b465ee728b)  -> (artifact id: '3db98d8005ee40d9ce63413a35d7bdd0') in 0.248748 seconds
  Import took 0.253534 seconds .

========================================================================
Received Prepare
Registering precompiled user dll's ...
Registered in 0.005162 seconds.
Begin MonoManager ReloadAssembly
Native extension for WindowsStandalone target not found
Refreshing native plugins compatible for Editor in 0.97 ms, found 1 plugins.
Preloading 0 native plugins for Editor in 0.00 ms.
Invoked RoslynAnalysisRunner static constructor.
RoslynAnalysisRunner will not be running.
RoslynAnalysisRunner has terminated.
Mono: successfully reloaded assembly
- Completed reload, in  6.355 seconds
Platform modules already initialized, skipping
Switching build target platform(5) subTarget(0) extendedPlatform(0) -> platform(13) subTarget(537395200) extendedPlatform(0)
Refreshing native plugins compatible for Editor in 0.59 ms, found 1 plugins.
Preloading 0 native plugins for Editor in 0.00 ms.
Unloading 1807 Unused Serialized files (Serialized files now loaded: 0)
System memory in use before: 87.9 MB.
System memory in use after: 87.9 MB.

Unloading 12 unused Assets to reduce memory usage. Loaded Objects now: 2260.
Total: 3.571300 ms (FindLiveObjects: 0.244500 ms CreateObjectMapping: 0.094800 ms MarkObjects: 3.033300 ms  DeleteObjects: 0.196100 ms)

AssetImportParameters requested are different than current active one (requested -> active):
  custom:graphics/normal-map-encoding: 01000000000000000000000000000000 -> 02000000000000000000000000000000
========================================================================
Received Prepare
Refreshing native plugins compatible for Editor in 5.20 ms, found 1 plugins.
Preloading 0 native plugins for Editor in 0.00 ms.
Unloading 10 Unused Serialized files (Serialized files now loaded: 0)
System memory in use before: 52.4 MB.
System memory in use after: 52.4 MB.

Unloading 10 unused Assets to reduce memory usage. Loaded Objects now: 2260.
Total: 6.614700 ms (FindLiveObjects: 1.089700 ms CreateObjectMapping: 0.273300 ms MarkObjects: 5.081800 ms  DeleteObjects: 0.166500 ms)

========================================================================
Received Import Request.
  Time since last request: 138.134506 seconds.
  path: Assets/Sprites/Head.png
  artifactKey: Guid(0be361883d541e74cbaa31bd5a4928a9) Importer(815301076,1909f56bfc062723c751e8b465ee728b)
Start importing Assets/Sprites/Head.png using Guid(0be361883d541e74cbaa31bd5a4928a9) Importer(815301076,1909f56bfc062723c751e8b465ee728b)  -> (artifact id: '7dfdf854e2745cd005632887f060a1f4') in 0.107046 seconds
  Import took 0.113942 seconds .

========================================================================
Received Import Request.
  Time since last request: 430.443992 seconds.
  path: Assets/Scripts
  artifactKey: Guid(39d3e78c8e54ac44d9f45b6eca88f3f7) Importer(815301076,1909f56bfc062723c751e8b465ee728b)
Start importing Assets/Scripts using Guid(39d3e78c8e54ac44d9f45b6eca88f3f7) Importer(815301076,1909f56bfc062723c751e8b465ee728b)  -> (artifact id: '91f6c6179af1df19303cdf555e465d62') in 0.008104 seconds
  Import took 0.014709 seconds .

========================================================================
Received Import Request.
  Time since last request: 38.516287 seconds.
  path: Assets/Scripts/SneakHead.cs
  artifactKey: Guid(551b2441f6c2f7844884d875e98581d3) Importer(815301076,1909f56bfc062723c751e8b465ee728b)
Start importing Assets/Scripts/SneakHead.cs using Guid(551b2441f6c2f7844884d875e98581d3) Importer(815301076,1909f56bfc062723c751e8b465ee728b)  -> (artifact id: 'ff8caf62ca8b65fd1608ef65dd6bb8d0') in 0.046775 seconds
  Import took 0.050885 seconds .

========================================================================
Received Prepare
Registering precompiled user dll's ...
Registered in 0.002582 seconds.
Begin MonoManager ReloadAssembly
Native extension for WindowsStandalone target not found
Refreshing native plugins compatible for Editor in 0.55 ms, found 1 plugins.
Preloading 0 native plugins for Editor in 0.00 ms.
Invoked RoslynAnalysisRunner static constructor.
RoslynAnalysisRunner will not be running.
RoslynAnalysisRunner has terminated.
Mono: successfully reloaded assembly
- Completed reload, in  2.216 seconds
Platform modules already initialized, skipping
Switching build target platform(5) subTarget(0) extendedPlatform(0) -> platform(13) subTarget(537395200) extendedPlatform(0)
Refreshing native plugins compatible for Editor in 0.58 ms, found 1 plugins.
Preloading 0 native plugins for Editor in 0.00 ms.
Unloading 1808 Unused Serialized files (Serialized files now loaded: 0)
System memory in use before: 88.0 MB.
System memory in use after: 88.0 MB.

Unloading 12 unused Assets to reduce memory usage. Loaded Objects now: 2266.
Total: 3.468100 ms (FindLiveObjects: 0.265600 ms CreateObjectMapping: 0.130800 ms MarkObjects: 2.865700 ms  DeleteObjects: 0.204000 ms)

AssetImportParameters requested are different than current active one (requested -> active):
  custom:graphics/normal-map-encoding: 01000000000000000000000000000000 -> 02000000000000000000000000000000
========================================================================
Received Prepare
Registering precompiled user dll's ...
Registered in 0.005484 seconds.
Begin MonoManager ReloadAssembly
Native extension for WindowsStandalone target not found
Refreshing native plugins compatible for Editor in 0.64 ms, found 1 plugins.
Preloading 0 native plugins for Editor in 0.00 ms.
Invoked RoslynAnalysisRunner static constructor.
RoslynAnalysisRunner will not be running.
RoslynAnalysisRunner has terminated.
Mono: successfully reloaded assembly
- Completed reload, in  2.229 seconds
Platform modules already initialized, skipping
Switching build target platform(5) subTarget(0) extendedPlatform(0) -> platform(13) subTarget(537395200) extendedPlatform(0)
Refreshing native plugins compatible for Editor in 0.44 ms, found 1 plugins.
Preloading 0 native plugins for Editor in 0.00 ms.
Unloading 1808 Unused Serialized files (Serialized files now loaded: 0)
System memory in use before: 88.0 MB.
System memory in use after: 88.0 MB.

Unloading 13 unused Assets to reduce memory usage. Loaded Objects now: 2270.
Total: 5.159600 ms (FindLiveObjects: 0.336200 ms CreateObjectMapping: 0.109000 ms MarkObjects: 4.434700 ms  DeleteObjects: 0.275500 ms)

AssetImportParameters requested are different than current active one (requested -> active):
  custom:graphics/normal-map-encoding: 01000000000000000000000000000000 -> 02000000000000000000000000000000
AssetImportWorkerClient::OnTransportError - code=2 error=End of file
